app/build/intermediates/manifest_merge_blame_file/debug/manifest-merger-blame-debug-report.txt
1<?xml version="1.0" encoding="utf-8"?>
2<manifest xmlns:android="http://schemas.android.com/apk/res/android"
3    package="ro.lvc.itaxi"
4    android:versionCode="1"
5    android:versionName="1.0" >
6
7    <uses-sdk
8        android:minSdkVersion="16"
8-->src/main/AndroidManifest.xml
9        android:targetSdkVersion="29" />
9-->src/main/AndroidManifest.xml
10
11    <uses-permission android:name="android.permission.INTERNET" />
11-->src/main/AndroidManifest.xml:5:5-67
11-->src/main/AndroidManifest.xml:5:22-64
12    <uses-permission android:name="android.permission.WRITE_EXTERNAL_STORAGE" />
12-->src/main/AndroidManifest.xml:6:5-7:40
12-->src/main/AndroidManifest.xml:6:22-78
13
14    <application
14-->src/main/AndroidManifest.xml:8:5-23:19
15        android:allowBackup="false"
15-->src/main/AndroidManifest.xml:9:9-36
16        android:appComponentFactory="androidx.core.app.CoreComponentFactory"
16-->[androidx.core:core:1.3.1] AndroidManifest.xml:24:18-86
17        android:debuggable="true"
18        android:fullBackupContent="false"
18-->src/main/AndroidManifest.xml:10:9-42
19        android:icon="@mipmap/ic_launcher"
19-->src/main/AndroidManifest.xml:11:9-43
20        android:label="@string/app_name"
20-->src/main/AndroidManifest.xml:12:9-41
21        android:roundIcon="@mipmap/ic_launcher_round"
21-->src/main/AndroidManifest.xml:13:9-54
22        android:supportsRtl="true"
22-->src/main/AndroidManifest.xml:14:9-35
23        android:testOnly="true"
24        android:theme="@style/Theme.AppCompat.NoActionBar" >
24-->src/main/AndroidManifest.xml:15:9-59
25        <activity
25-->src/main/AndroidManifest.xml:16:9-22:20
26            android:name="com.bugfish.webapp.MainActivity"
26-->src/main/AndroidManifest.xml:16:19-47
27            android:label="@string/app_name" >
27-->src/main/AndroidManifest.xml:17:13-45
28            <intent-filter>
28-->src/main/AndroidManifest.xml:18:13-21:29
29                <action android:name="android.intent.action.MAIN" />
29-->src/main/AndroidManifest.xml:19:17-69
29-->src/main/AndroidManifest.xml:19:25-66
30
31                <category android:name="android.intent.category.LAUNCHER" />
31-->src/main/AndroidManifest.xml:20:17-77
31-->src/main/AndroidManifest.xml:20:27-74
32            </intent-filter>
33        </activity>
34    </application>
35
36</manifest>